0 info it worked if it ends with ok
1 verbose cli [ '/usr/bin/node', '/usr/lib/go/bin/npm', 'start' ]
2 info using npm@3.10.6
3 info using node@v7.5.0
4 verbose run-script [ 'prestart', 'start', 'poststart' ]
5 info lifecycle OVS@0.0.0~prestart: OVS@0.0.0
6 silly lifecycle OVS@0.0.0~prestart: no script for prestart, continuing
7 info lifecycle OVS@0.0.0~start: OVS@0.0.0
8 verbose lifecycle OVS@0.0.0~start: unsafe-perm in lifecycle true
9 verbose lifecycle OVS@0.0.0~start: PATH: /usr/lib/node_modules/npm/bin/node-gyp-bin:/home/spankie/Downloads/programs/node.js/ovs/node_modules/.bin:/usr/bin:/usr/local/heroku/bin:/usr/lib/go/bin:/usr/local/sbin:/usr/local/bin:/usr/bin:/usr/lib/jvm/default/bin:/usr/bin/site_perl:/usr/bin/vendor_perl:/usr/bin/core_perl
10 verbose lifecycle OVS@0.0.0~start: CWD: /home/spankie/Downloads/programs/node.js/ovs
11 silly lifecycle OVS@0.0.0~start: Args: [ '-c', 'node ./bin/www' ]
12 silly lifecycle OVS@0.0.0~start: Returned: code: 1  signal: null
13 info lifecycle OVS@0.0.0~start: Failed to exec start script
14 verbose stack Error: OVS@0.0.0 start: `node ./bin/www`
14 verbose stack Exit status 1
14 verbose stack     at EventEmitter.<anonymous> (/usr/lib/node_modules/npm/lib/utils/lifecycle.js:255:16)
14 verbose stack     at emitTwo (events.js:106:13)
14 verbose stack     at EventEmitter.emit (events.js:192:7)
14 verbose stack     at ChildProcess.<anonymous> (/usr/lib/node_modules/npm/lib/utils/spawn.js:40:14)
14 verbose stack     at emitTwo (events.js:106:13)
14 verbose stack     at ChildProcess.emit (events.js:192:7)
14 verbose stack     at maybeClose (internal/child_process.js:890:16)
14 verbose stack     at Process.ChildProcess._handle.onexit (internal/child_process.js:226:5)
15 verbose pkgid OVS@0.0.0
16 verbose cwd /home/spankie/Downloads/programs/node.js/ovs
17 error Linux 4.7.0-1-ARCH
18 error argv "/usr/bin/node" "/usr/lib/go/bin/npm" "start"
19 error node v7.5.0
20 error npm  v3.10.6
21 error code ELIFECYCLE
22 error OVS@0.0.0 start: `node ./bin/www`
22 error Exit status 1
23 error Failed at the OVS@0.0.0 start script 'node ./bin/www'.
23 error Make sure you have the latest version of node.js and npm installed.
23 error If you do, this is most likely a problem with the OVS package,
23 error not with npm itself.
23 error Tell the author that this fails on your system:
23 error     node ./bin/www
23 error You can get information on how to open an issue for this project with:
23 error     npm bugs OVS
23 error Or if that isn't available, you can get their info via:
23 error     npm owner ls OVS
23 error There is likely additional logging output above.
24 verbose exit [ 1, true ]
